Flow report for sdram_nios
Fri Dec 01 15:00:47 2017
Quartus II 32-bit Version 13.0.1 Build 232 06/12/2013 Service Pack 1 SJ Web Edition


---------------------
; Table of Contents ;
---------------------
  1. Legal Notice
  2. Flow Summary
  3. Flow Settings
  4. Flow Non-Default Global Settings
  5. Flow Elapsed Time
  6. Flow OS Summary
  7. Flow Log
  8. Flow Messages
  9. Flow Suppressed Messages



----------------
; Legal Notice ;
----------------
Copyright (C) 1991-2013 Altera Corporation
Your use of Altera Corporation's design tools, logic functions 
and other software and tools, and its AMPP partner logic 
functions, and any output files from any of the foregoing 
(including device programming or simulation files), and any 
associated documentation or information are expressly subject 
to the terms and conditions of the Altera Program License 
Subscription Agreement, Altera MegaCore Function License 
Agreement, or other applicable license agreement, including, 
without limitation, that your use is for the sole purpose of 
programming logic devices manufactured by Altera and sold by 
Altera or its authorized distributors.  Please refer to the 
applicable agreement for further details.



+--------------------------------------------------------------------------------------+
; Flow Summary                                                                         ;
+------------------------------------+-------------------------------------------------+
; Flow Status                        ; Successful - Fri Dec 01 15:00:41 2017           ;
; Quartus II 32-bit Version          ; 13.0.1 Build 232 06/12/2013 SP 1 SJ Web Edition ;
; Revision Name                      ; sdram_nios                                      ;
; Top-level Entity Name              ; block_sdram                                     ;
; Family                             ; Cyclone IV E                                    ;
; Device                             ; EP4CE30F23C7                                    ;
; Timing Models                      ; Final                                           ;
; Total logic elements               ; 4,717 / 28,848 ( 16 % )                         ;
;     Total combinational functions  ; 4,201 / 28,848 ( 15 % )                         ;
;     Dedicated logic registers      ; 3,084 / 28,848 ( 11 % )                         ;
; Total registers                    ; 3153                                            ;
; Total pins                         ; 82 / 329 ( 25 % )                               ;
; Total virtual pins                 ; 0                                               ;
; Total memory bits                  ; 65,472 / 608,256 ( 11 % )                       ;
; Embedded Multiplier 9-bit elements ; 4 / 132 ( 3 % )                                 ;
; Total PLLs                         ; 1 / 4 ( 25 % )                                  ;
+------------------------------------+-------------------------------------------------+


+-----------------------------------------+
; Flow Settings                           ;
+-------------------+---------------------+
; Option            ; Setting             ;
+-------------------+---------------------+
; Start date & time ; 12/01/2017 14:59:42 ;
; Main task         ; Compilation         ;
; Revision Name     ; sdram_nios          ;
+-------------------+---------------------+


+-----------------------------------------------------------------------------------------------------------------------------------------------------------+
; Flow Non-Default Global Settings                                                                                                                          ;
+-------------------------------------+------------------------------------------------------+---------------+---------------------------------+------------+
; Assignment Name                     ; Value                                                ; Default Value ; Entity Name                     ; Section Id ;
+-------------------------------------+------------------------------------------------------+---------------+---------------------------------+------------+
; COMPILER_SIGNATURE_ID               ; 277807426583808.151215118202332                      ; --            ; --                              ; --         ;
; IP_TOOL_ENV                         ; Qsys                                                 ; --            ; altera_avalon_sc_fifo           ; --         ;
; IP_TOOL_ENV                         ; Qsys                                                 ; --            ; altera_merlin_burst_adapter     ; --         ;
; IP_TOOL_ENV                         ; Qsys                                                 ; --            ; altera_merlin_master_agent      ; --         ;
; IP_TOOL_ENV                         ; Qsys                                                 ; --            ; altera_merlin_master_translator ; --         ;
; IP_TOOL_ENV                         ; Qsys                                                 ; --            ; altera_merlin_slave_agent       ; --         ;
; IP_TOOL_ENV                         ; Qsys                                                 ; --            ; altera_merlin_slave_translator  ; --         ;
; IP_TOOL_ENV                         ; Qsys                                                 ; --            ; altera_merlin_traffic_limiter   ; --         ;
; IP_TOOL_ENV                         ; Qsys                                                 ; --            ; altera_merlin_width_adapter     ; --         ;
; IP_TOOL_ENV                         ; Qsys                                                 ; --            ; altera_reset_controller         ; --         ;
; IP_TOOL_ENV                         ; Qsys                                                 ; --            ; hw                              ; --         ;
; IP_TOOL_ENV                         ; Qsys                                                 ; --            ; hw_addr_router                  ; --         ;
; IP_TOOL_ENV                         ; Qsys                                                 ; --            ; hw_addr_router_001              ; --         ;
; IP_TOOL_ENV                         ; Qsys                                                 ; --            ; hw_button1                      ; --         ;
; IP_TOOL_ENV                         ; Qsys                                                 ; --            ; hw_cmd_xbar_demux               ; --         ;
; IP_TOOL_ENV                         ; Qsys                                                 ; --            ; hw_cmd_xbar_demux_001           ; --         ;
; IP_TOOL_ENV                         ; Qsys                                                 ; --            ; hw_cmd_xbar_mux                 ; --         ;
; IP_TOOL_ENV                         ; Qsys                                                 ; --            ; hw_cpu                          ; --         ;
; IP_TOOL_ENV                         ; Qsys                                                 ; --            ; hw_entrada                      ; --         ;
; IP_TOOL_ENV                         ; Qsys                                                 ; --            ; hw_ext_ram                      ; --         ;
; IP_TOOL_ENV                         ; Qsys                                                 ; --            ; hw_id_router                    ; --         ;
; IP_TOOL_ENV                         ; Qsys                                                 ; --            ; hw_id_router_001                ; --         ;
; IP_TOOL_ENV                         ; Qsys                                                 ; --            ; hw_id_router_002                ; --         ;
; IP_TOOL_ENV                         ; Qsys                                                 ; --            ; hw_irq_mapper                   ; --         ;
; IP_TOOL_ENV                         ; Qsys                                                 ; --            ; hw_jtag                         ; --         ;
; IP_TOOL_ENV                         ; Qsys                                                 ; --            ; hw_lcd_display                  ; --         ;
; IP_TOOL_ENV                         ; Qsys                                                 ; --            ; hw_led_pio                      ; --         ;
; IP_TOOL_ENV                         ; Qsys                                                 ; --            ; hw_rsp_xbar_demux               ; --         ;
; IP_TOOL_ENV                         ; Qsys                                                 ; --            ; hw_rsp_xbar_demux_002           ; --         ;
; IP_TOOL_ENV                         ; Qsys                                                 ; --            ; hw_rsp_xbar_mux                 ; --         ;
; IP_TOOL_ENV                         ; Qsys                                                 ; --            ; hw_rsp_xbar_mux_001             ; --         ;
; IP_TOOL_ENV                         ; Qsys                                                 ; --            ; hw_sysid                        ; --         ;
; IP_TOOL_ENV                         ; Qsys                                                 ; --            ; hw_timer                        ; --         ;
; IP_TOOL_ENV                         ; Qsys                                                 ; --            ; hw_uart                         ; --         ;
; IP_TOOL_NAME                        ; ALTPLL                                               ; --            ; --                              ; --         ;
; IP_TOOL_NAME                        ; altera_avalon_sc_fifo                                ; --            ; altera_avalon_sc_fifo           ; --         ;
; IP_TOOL_NAME                        ; altera_merlin_burst_adapter                          ; --            ; altera_merlin_burst_adapter     ; --         ;
; IP_TOOL_NAME                        ; altera_merlin_master_agent                           ; --            ; altera_merlin_master_agent      ; --         ;
; IP_TOOL_NAME                        ; altera_merlin_master_translator                      ; --            ; altera_merlin_master_translator ; --         ;
; IP_TOOL_NAME                        ; altera_merlin_slave_agent                            ; --            ; altera_merlin_slave_agent       ; --         ;
; IP_TOOL_NAME                        ; altera_merlin_slave_translator                       ; --            ; altera_merlin_slave_translator  ; --         ;
; IP_TOOL_NAME                        ; altera_merlin_traffic_limiter                        ; --            ; altera_merlin_traffic_limiter   ; --         ;
; IP_TOOL_NAME                        ; altera_merlin_width_adapter                          ; --            ; altera_merlin_width_adapter     ; --         ;
; IP_TOOL_NAME                        ; altera_reset_controller                              ; --            ; altera_reset_controller         ; --         ;
; IP_TOOL_NAME                        ; Qsys                                                 ; --            ; hw                              ; --         ;
; IP_TOOL_NAME                        ; altera_merlin_router                                 ; --            ; hw_addr_router                  ; --         ;
; IP_TOOL_NAME                        ; altera_merlin_router                                 ; --            ; hw_addr_router_001              ; --         ;
; IP_TOOL_NAME                        ; altera_avalon_pio                                    ; --            ; hw_button1                      ; --         ;
; IP_TOOL_NAME                        ; altera_merlin_demultiplexer                          ; --            ; hw_cmd_xbar_demux               ; --         ;
; IP_TOOL_NAME                        ; altera_merlin_demultiplexer                          ; --            ; hw_cmd_xbar_demux_001           ; --         ;
; IP_TOOL_NAME                        ; altera_merlin_multiplexer                            ; --            ; hw_cmd_xbar_mux                 ; --         ;
; IP_TOOL_NAME                        ; altera_nios2_qsys                                    ; --            ; hw_cpu                          ; --         ;
; IP_TOOL_NAME                        ; altera_avalon_pio                                    ; --            ; hw_entrada                      ; --         ;
; IP_TOOL_NAME                        ; altera_avalon_new_sdram_controller                   ; --            ; hw_ext_ram                      ; --         ;
; IP_TOOL_NAME                        ; altera_merlin_router                                 ; --            ; hw_id_router                    ; --         ;
; IP_TOOL_NAME                        ; altera_merlin_router                                 ; --            ; hw_id_router_001                ; --         ;
; IP_TOOL_NAME                        ; altera_merlin_router                                 ; --            ; hw_id_router_002                ; --         ;
; IP_TOOL_NAME                        ; altera_irq_mapper                                    ; --            ; hw_irq_mapper                   ; --         ;
; IP_TOOL_NAME                        ; altera_avalon_jtag_uart                              ; --            ; hw_jtag                         ; --         ;
; IP_TOOL_NAME                        ; altera_avalon_lcd_16207                              ; --            ; hw_lcd_display                  ; --         ;
; IP_TOOL_NAME                        ; altera_avalon_pio                                    ; --            ; hw_led_pio                      ; --         ;
; IP_TOOL_NAME                        ; altera_merlin_demultiplexer                          ; --            ; hw_rsp_xbar_demux               ; --         ;
; IP_TOOL_NAME                        ; altera_merlin_demultiplexer                          ; --            ; hw_rsp_xbar_demux_002           ; --         ;
; IP_TOOL_NAME                        ; altera_merlin_multiplexer                            ; --            ; hw_rsp_xbar_mux                 ; --         ;
; IP_TOOL_NAME                        ; altera_merlin_multiplexer                            ; --            ; hw_rsp_xbar_mux_001             ; --         ;
; IP_TOOL_NAME                        ; altera_avalon_sysid_qsys                             ; --            ; hw_sysid                        ; --         ;
; IP_TOOL_NAME                        ; altera_avalon_timer                                  ; --            ; hw_timer                        ; --         ;
; IP_TOOL_NAME                        ; altera_avalon_uart                                   ; --            ; hw_uart                         ; --         ;
; IP_TOOL_VERSION                     ; 13.0                                                 ; --            ; --                              ; --         ;
; IP_TOOL_VERSION                     ; 13.0                                                 ; --            ; altera_avalon_sc_fifo           ; --         ;
; IP_TOOL_VERSION                     ; 13.0                                                 ; --            ; altera_merlin_burst_adapter     ; --         ;
; IP_TOOL_VERSION                     ; 13.0                                                 ; --            ; altera_merlin_master_agent      ; --         ;
; IP_TOOL_VERSION                     ; 13.0                                                 ; --            ; altera_merlin_master_translator ; --         ;
; IP_TOOL_VERSION                     ; 13.0                                                 ; --            ; altera_merlin_slave_agent       ; --         ;
; IP_TOOL_VERSION                     ; 13.0                                                 ; --            ; altera_merlin_slave_translator  ; --         ;
; IP_TOOL_VERSION                     ; 13.0                                                 ; --            ; altera_merlin_traffic_limiter   ; --         ;
; IP_TOOL_VERSION                     ; 13.0                                                 ; --            ; altera_merlin_width_adapter     ; --         ;
; IP_TOOL_VERSION                     ; 13.0                                                 ; --            ; altera_reset_controller         ; --         ;
; IP_TOOL_VERSION                     ; 13.0sp1                                              ; --            ; hw                              ; --         ;
; IP_TOOL_VERSION                     ; 13.0                                                 ; --            ; hw_addr_router                  ; --         ;
; IP_TOOL_VERSION                     ; 13.0                                                 ; --            ; hw_addr_router_001              ; --         ;
; IP_TOOL_VERSION                     ; 13.0.1.99.2                                          ; --            ; hw_button1                      ; --         ;
; IP_TOOL_VERSION                     ; 13.0                                                 ; --            ; hw_cmd_xbar_demux               ; --         ;
; IP_TOOL_VERSION                     ; 13.0                                                 ; --            ; hw_cmd_xbar_demux_001           ; --         ;
; IP_TOOL_VERSION                     ; 13.0                                                 ; --            ; hw_cmd_xbar_mux                 ; --         ;
; IP_TOOL_VERSION                     ; 13.0                                                 ; --            ; hw_cpu                          ; --         ;
; IP_TOOL_VERSION                     ; 13.0.1.99.2                                          ; --            ; hw_entrada                      ; --         ;
; IP_TOOL_VERSION                     ; 13.0.1.99.2                                          ; --            ; hw_ext_ram                      ; --         ;
; IP_TOOL_VERSION                     ; 13.0                                                 ; --            ; hw_id_router                    ; --         ;
; IP_TOOL_VERSION                     ; 13.0                                                 ; --            ; hw_id_router_001                ; --         ;
; IP_TOOL_VERSION                     ; 13.0                                                 ; --            ; hw_id_router_002                ; --         ;
; IP_TOOL_VERSION                     ; 13.0                                                 ; --            ; hw_irq_mapper                   ; --         ;
; IP_TOOL_VERSION                     ; 13.0.1.99.2                                          ; --            ; hw_jtag                         ; --         ;
; IP_TOOL_VERSION                     ; 13.0.1.99.2                                          ; --            ; hw_lcd_display                  ; --         ;
; IP_TOOL_VERSION                     ; 13.0.1.99.2                                          ; --            ; hw_led_pio                      ; --         ;
; IP_TOOL_VERSION                     ; 13.0                                                 ; --            ; hw_rsp_xbar_demux               ; --         ;
; IP_TOOL_VERSION                     ; 13.0                                                 ; --            ; hw_rsp_xbar_demux_002           ; --         ;
; IP_TOOL_VERSION                     ; 13.0                                                 ; --            ; hw_rsp_xbar_mux                 ; --         ;
; IP_TOOL_VERSION                     ; 13.0                                                 ; --            ; hw_rsp_xbar_mux_001             ; --         ;
; IP_TOOL_VERSION                     ; 13.0                                                 ; --            ; hw_sysid                        ; --         ;
; IP_TOOL_VERSION                     ; 13.0.1.99.2                                          ; --            ; hw_timer                        ; --         ;
; IP_TOOL_VERSION                     ; 13.0.1.99.2                                          ; --            ; hw_uart                         ; --         ;
; MAX_CORE_JUNCTION_TEMP              ; 85                                                   ; --            ; --                              ; --         ;
; MIN_CORE_JUNCTION_TEMP              ; 0                                                    ; --            ; --                              ; --         ;
; MISC_FILE                           ; hw/synthesis/../../hw.cmp                            ; --            ; --                              ; --         ;
; MISC_FILE                           ; hw/synthesis/../../hw.qsys                           ; --            ; --                              ; --         ;
; MISC_FILE                           ; alt_pll.bsf                                          ; --            ; --                              ; --         ;
; MISC_FILE                           ; alt_pll.cmp                                          ; --            ; --                              ; --         ;
; MISC_FILE                           ; alt_pll.ppf                                          ; --            ; --                              ; --         ;
; NOMINAL_CORE_SUPPLY_VOLTAGE         ; 1.2V                                                 ; --            ; --                              ; --         ;
; PARTITION_COLOR                     ; 16764057                                             ; --            ; block_sdram                     ; Top        ;
; PARTITION_FITTER_PRESERVATION_LEVEL ; PLACEMENT_AND_ROUTING                                ; --            ; block_sdram                     ; Top        ;
; PARTITION_NETLIST_TYPE              ; SOURCE                                               ; --            ; block_sdram                     ; Top        ;
; PROJECT_OUTPUT_DIRECTORY            ; output_files                                         ; --            ; --                              ; --         ;
; SLD_INFO                            ; QSYS_NAME hw HAS_SOPCINFO 1 GENERATION_ID 1512150633 ; --            ; hw                              ; --         ;
; SOPCINFO_FILE                       ; hw/synthesis/../../hw.sopcinfo                       ; --            ; --                              ; --         ;
; SYNTHESIS_ONLY_QIP                  ; On                                                   ; --            ; --                              ; --         ;
; TOP_LEVEL_ENTITY                    ; block_sdram                                          ; sdram_nios    ; --                              ; --         ;
+-------------------------------------+------------------------------------------------------+---------------+---------------------------------+------------+


+-------------------------------------------------------------------------------------------------------------------------------+
; Flow Elapsed Time                                                                                                             ;
+---------------------------+--------------+-------------------------+---------------------+------------------------------------+
; Module Name               ; Elapsed Time ; Average Processors Used ; Peak Virtual Memory ; Total CPU Time (on all processors) ;
+---------------------------+--------------+-------------------------+---------------------+------------------------------------+
; Analysis & Synthesis      ; 00:00:22     ; 1.0                     ; 500 MB              ; 00:00:22                           ;
; Fitter                    ; 00:00:28     ; 1.0                     ; 645 MB              ; 00:00:28                           ;
; Assembler                 ; 00:00:03     ; 1.0                     ; 371 MB              ; 00:00:02                           ;
; TimeQuest Timing Analyzer ; 00:00:05     ; 1.0                     ; 451 MB              ; 00:00:05                           ;
; Total                     ; 00:00:58     ; --                      ; --                  ; 00:00:57                           ;
+---------------------------+--------------+-------------------------+---------------------+------------------------------------+


+----------------------------------------------------------------------------------------+
; Flow OS Summary                                                                        ;
+---------------------------+------------------+-----------+------------+----------------+
; Module Name               ; Machine Hostname ; OS Name   ; OS Version ; Processor type ;
+---------------------------+------------------+-----------+------------+----------------+
; Analysis & Synthesis      ; C7M02            ; Windows 7 ; 6.1        ; x86_64         ;
; Fitter                    ; C7M02            ; Windows 7 ; 6.1        ; x86_64         ;
; Assembler                 ; C7M02            ; Windows 7 ; 6.1        ; x86_64         ;
; TimeQuest Timing Analyzer ; C7M02            ; Windows 7 ; 6.1        ; x86_64         ;
+---------------------------+------------------+-----------+------------+----------------+


------------
; Flow Log ;
------------
quartus_map --read_settings_files=on --write_settings_files=off sdram_nios -c sdram_nios
quartus_fit --read_settings_files=off --write_settings_files=off sdram_nios -c sdram_nios
quartus_asm --read_settings_files=off --write_settings_files=off sdram_nios -c sdram_nios
quartus_sta sdram_nios -c sdram_nios



