
**** Build of configuration Nios II for project Casa_FInal ****

make all 
Info: Building ../Casa_FInal_bsp/
make --no-print-directory -C ../Casa_FInal_bsp/
[BSP build complete]
Info: Compiling hello_world.c to obj/default/hello_world.o
nios2-elf-gcc -xc -MP -MMD -c -I../Casa_FInal_bsp//HAL/inc -I../Casa_FInal_bsp/ -I../Casa_FInal_bsp//drivers/inc  -DSYSTEM_BUS_WIDTH=32 -pipe -D__hal__ -DALT_NO_INSTRUCTION_EMULATION -DALT_SINGLE_THREADED    -O0 -g -Wall   -EL -mno-hw-div -mhw-mul -mno-hw-mulx  -o obj/default/hello_world.o hello_world.c
hello_world.c: In function 'InitUart':
hello_world.c:36: warning: implicit declaration of function 'alt_irq_register'
hello_world.c: In function 'main':
hello_world.c:40: warning: unused variable 'i'
Info: Linking Casa_FInal.elf
nios2-elf-g++  -T'../Casa_FInal_bsp//linker.x' -msys-crt0='../Casa_FInal_bsp//obj/HAL/src/crt0.o' -msys-lib=hal_bsp -L../Casa_FInal_bsp/   -Wl,-Map=Casa_FInal.map   -O0 -g -Wall   -EL -mno-hw-div -mhw-mul -mno-hw-mulx  -o Casa_FInal.elf obj/default/InterruptHandlerForUart.o obj/default/hello_world.o -lm 
nios2-elf-insert Casa_FInal.elf --thread_model hal --cpu_name cpu --qsys true --simulation_enabled false --id 0 --sidp 0x8001130 --timestamp 1512150633 --stderr_dev jtag --stdin_dev jtag --stdout_dev jtag --sopc_system_name hw --quartus_project_dir "C:/Users/ra153277/Downloads/sdram" --sopcinfo C:/Users/ra153277/Downloads/sdram/hw.sopcinfo
Info: (Casa_FInal.elf) 41 KBytes program size (code + initialized data).
Info:                  65487 KBytes free for stack + heap.
Info: Creating Casa_FInal.objdump
nios2-elf-objdump --disassemble --syms --all-header --source Casa_FInal.elf >Casa_FInal.objdump
[Casa_FInal build complete]

**** Build Finished ****
